<?xml version="1.0" encoding="utf-8"?><testsuites name="pytest tests"><testsuite name="pytest" errors="0" failures="0" skipped="0" tests="5" time="3.603" timestamp="2026-06-28T04:48:12.601830+00:00" hostname="agent-env-b15293d6-3264-41ad-8623-1143583606b1"><testcase classname="tests.test_quotes" name="test_api_root" time="0.215" /><testcase classname="tests.test_quotes" name="test_create_quote_valid" time="1.117" /><testcase classname="tests.test_quotes" name="test_create_quote_invalid_email" time="0.056" /><testcase classname="tests.test_quotes" name="test_create_quote_missing_required" time="0.053" /><testcase classname="tests.test_quotes" name="test_list_quotes_sorted_desc" time="1.404" /></testsuite></testsuites>